/software/synopsys/syn_current_64.11/auxx/gui/dv/dv_setup.tcl
/software/synopsys/syn_current_64.11/auxx/gui/syn/snpsSynProcs.tcl
/software/synopsys/syn_current_64.11/auxx/tcllib/lib/tcl8.4/package.tcl
/software/synopsys/syn_current_64.11/auxx/gui/syn/layout/pkgIndex.tcl
/software/synopsys/syn_current_64.11/auxx/gui/common/histogram/pkgIndex.tcl
/software/synopsys/syn_current_64.11/auxx/gui/common/misc/pkgIndex.tcl
/software/synopsys/syn_current_64.11/auxx/gui/common/view/pkgIndex.tcl
/software/synopsys/syn_current_64.11/auxx/gui/common/tcl-dp/pkgIndex.tcl
/software/synopsys/syn_current_64.11/auxx/gui/common/fanoutviewer/pkgIndex.tcl
/software/synopsys/syn_current_64.11/auxx/gui/common/setup/pkgIndex.tcl
/software/synopsys/syn_current_64.11/auxx/gui/common/WindowFrameWork/pkgIndex.tcl
/software/synopsys/syn_current_64.11/auxx/gui/common/hierarchy/pkgIndex.tcl
/software/synopsys/syn_current_64.11/auxx/gui/common/profiler/pkgIndex.tcl
/software/synopsys/syn_current_64.11/auxx/gui/common/strokes/pkgIndex.tcl
/software/synopsys/syn_current_64.11/auxx/gui/common/timing/pkgIndex.tcl
/software/synopsys/syn_current_64.11/auxx/gui/common/dialogs/pkgIndex.tcl
/software/synopsys/syn_current_64.11/auxx/gui/common/regressionToolkit/pkgIndex.tcl
/software/synopsys/syn_current_64.11/auxx/gui/common/qtcl/pkgIndex.tcl
/software/synopsys/syn_current_64.11/auxx/gui/common/docBrowser/pkgIndex.tcl
/software/synopsys/syn_current_64.11/auxx/gui/common/highlight/pkgIndex.tcl
/software/synopsys/syn_current_64.11/auxx/gui/common/layout/pkgIndex.tcl
/software/synopsys/syn_current_64.11/auxx/gui/common/table/pkgIndex.tcl
/software/synopsys/syn_current_64.11/auxx/gui/common/schematic/pkgIndex.tcl
/software/synopsys/syn_current_64.11/auxx/gui/common/opdlg/pkgIndex.tcl
/software/synopsys/syn_current_64.11/auxx/gui/common/select/pkgIndex.tcl
/software/synopsys/syn_current_64.11/auxx/gui/common/menus/pkgIndex.tcl
/software/synopsys/syn_current_64.11/auxx/gui/common/pathinspector/pkgIndex.tcl
/software/synopsys/syn_current_64.11/auxx/gui/common/libviewer/pkgIndex.tcl
/software/synopsys/syn_current_64.11/auxx/tcllib/snps_tcl/snpsUtils/pkgIndex.tcl
/software/synopsys/syn_current_64.11/auxx/tcllib/snps_tcl/snpsTest/pkgIndex.tcl
/software/synopsys/syn_current_64.11/auxx/tcllib/snps_tcl/snpsTclPro/pkgIndex.tcl
/software/synopsys/syn_current_64.11/auxx/tcllib/snps_tcl/pkgIndex.tcl
/software/synopsys/syn_current_64.11/auxx/tcllib/lib/tcl8.4/dde/pkgIndex.tcl
/software/synopsys/syn_current_64.11/auxx/tcllib/lib/tcl8.4/tcltest/pkgIndex.tcl
/software/synopsys/syn_current_64.11/auxx/tcllib/lib/tcl8.4/http/pkgIndex.tcl
/software/synopsys/syn_current_64.11/auxx/tcllib/lib/tcl8.4/opt/pkgIndex.tcl
/software/synopsys/syn_current_64.11/auxx/tcllib/lib/tcl8.4/msgcat/pkgIndex.tcl
/software/synopsys/syn_current_64.11/auxx/tcllib/lib/tcl8.4/reg/pkgIndex.tcl
/software/synopsys/syn_current_64.11/auxx/tcllib/lib/tcl8.4/http1.0/pkgIndex.tcl
/software/synopsys/syn_current_64.11/auxx/gui/common/setup/snpsCommonSetup.tcl
/software/synopsys/syn_current_64.11/auxx/gui/common/setup/snpsCustomize.tcl
/software/synopsys/syn_current_64.11/auxx/gui/common/setup/snpsProcheck.tcl
/software/synopsys/syn_current_64.11/auxx/gui/common/qtcl/.synopsys_qtcl.tcl
/software/synopsys/syn_current_64.11/auxx/gui/common/highlight/highlight.tcl
/software/synopsys/syn_current_64.11/auxx/gui/common/misc/base.tcl
/software/synopsys/syn_current_64.11/auxx/gui/common/misc/timing.tcl
/software/synopsys/syn_current_64.11/auxx/gui/common/misc/setting.tcl
/software/synopsys/syn_current_64.11/auxx/gui/common/docBrowser/docBrowser.tcl
/software/synopsys/syn_current_64.11/auxx/tcllib/snps_tcl/snpsUtils/snpsUtils.tcl
/software/synopsys/syn_current_64.11/auxx/gui/common/WindowFrameWork/windowFrameWork.tcl
/software/synopsys/syn_current_64.11/auxx/gui/common/WindowFrameWork/skipBusyCursorCmdList.tcl
/software/synopsys/syn_current_64.11/auxx/gui/common/dialogs/ObjectChooser.tcl
/software/synopsys/syn_current_64.11/auxx/gui/common/misc/DialogObjectChooser.tcl
/software/synopsys/syn_current_64.11/auxx/gui/common/dialogs/HistBinInformation.tcl
/software/synopsys/syn_current_64.11/auxx/gui/common/dialogs/HistBin1Information.tcl
/software/synopsys/syn_current_64.11/auxx/gui/common/dialogs/BinsOnlyInformation.tcl
/software/synopsys/syn_current_64.11/auxx/gui/common/dialogs/FileChooser.tcl
/software/synopsys/syn_current_64.11/auxx/gui/common/dialogs/PathPinSimpleInfo.tcl
/software/synopsys/syn_current_64.11/auxx/gui/common/dialogs/PathsBasicInfo.tcl
/software/synopsys/syn_current_64.11/auxx/gui/common/dialogs/PathsBasicSimpleInfo.tcl
/software/synopsys/syn_current_64.11/auxx/gui/common/dialogs/SlctOperationInfo.tcl
/software/synopsys/syn_current_64.11/auxx/gui/common/dialogs/ObjectListInfo.tcl
/software/synopsys/syn_current_64.11/auxx/gui/common/dialogs/FanInOutInfo.tcl
/software/synopsys/syn_current_64.11/auxx/gui/common/dialogs/NumberOfLevelsChooser.tcl
/software/synopsys/syn_current_64.11/auxx/gui/common/dialogs/WindowReuseInfo.tcl
/software/synopsys/syn_current_64.11/auxx/gui/common/dialogs/ReportOutputOptionInfo.tcl
/software/synopsys/syn_current_64.11/auxx/gui/common/setup/snpsCollections.tcl
/software/synopsys/syn_current_64.11/auxx/gui/common/dialogs/CompileLinkDesign.tcl
/software/synopsys/syn_current_64.11/auxx/gui/common/histogram/DialogEndpointSlack.tcl
/software/synopsys/syn_current_64.11/auxx/gui/common/histogram/DialogPathsSlack.tcl
/software/synopsys/syn_current_64.11/auxx/gui/common/histogram/DialogNetCapacitance.tcl
/software/synopsys/syn_current_64.11/auxx/gui/common/schematic/DialogPathSchematicFanInOut.tcl
/software/synopsys/syn_current_64.11/auxx/gui/common/schematic/DialogPathSchematicAddPaths.tcl
/software/synopsys/syn_current_64.11/auxx/tcllib/lib/tk8.4/tk.tcl
/software/synopsys/syn_current_64.11/auxx/tcllib/lib/tcl8.4/msgcat/msgcat.tcl
/software/synopsys/syn_current_64.11/auxx/tcllib/lib/tk8.4/button.tcl
/software/synopsys/syn_current_64.11/auxx/tcllib/lib/tk8.4/entry.tcl
/software/synopsys/syn_current_64.11/auxx/tcllib/lib/tk8.4/listbox.tcl
/software/synopsys/syn_current_64.11/auxx/tcllib/lib/tk8.4/menu.tcl
/software/synopsys/syn_current_64.11/auxx/tcllib/lib/tk8.4/panedwindow.tcl
/software/synopsys/syn_current_64.11/auxx/tcllib/lib/tk8.4/scale.tcl
/software/synopsys/syn_current_64.11/auxx/tcllib/lib/tk8.4/scrlbar.tcl
/software/synopsys/syn_current_64.11/auxx/tcllib/lib/tk8.4/spinbox.tcl
/software/synopsys/syn_current_64.11/auxx/tcllib/lib/tk8.4/text.tcl
/software/synopsys/syn_current_64.11/auxx/tcllib/lib/tix8.1.4/Init.tcl
/software/synopsys/syn_current_64.11/auxx/tcllib/lib/tix8.1.4/Version.tcl
/software/synopsys/syn_current_64.11/auxx/tcllib/lib/tix8.1.4/UnixFile.tcl
/software/synopsys/syn_current_64.11/auxx/tcllib/lib/tix8.1.4/Tix.tcl
/software/synopsys/syn_current_64.11/auxx/tcllib/lib/tix8.1.4/fs.tcl
/software/synopsys/syn_current_64.11/auxx/tcllib/lib/tix8.1.4/pref/WmDefault.fsc
/software/synopsys/syn_current_64.11/auxx/tcllib/lib/tix8.1.4/pref/pkgIndex.tcl
/software/synopsys/syn_current_64.11/auxx/gui/syn/layout/pkgIndex.tcl
/software/synopsys/syn_current_64.11/auxx/gui/common/histogram/pkgIndex.tcl
/software/synopsys/syn_current_64.11/auxx/gui/common/misc/pkgIndex.tcl
/software/synopsys/syn_current_64.11/auxx/gui/common/view/pkgIndex.tcl
/software/synopsys/syn_current_64.11/auxx/gui/common/tcl-dp/pkgIndex.tcl
/software/synopsys/syn_current_64.11/auxx/gui/common/fanoutviewer/pkgIndex.tcl
/software/synopsys/syn_current_64.11/auxx/gui/common/setup/pkgIndex.tcl
/software/synopsys/syn_current_64.11/auxx/gui/common/WindowFrameWork/pkgIndex.tcl
/software/synopsys/syn_current_64.11/auxx/gui/common/hierarchy/pkgIndex.tcl
/software/synopsys/syn_current_64.11/auxx/gui/common/profiler/pkgIndex.tcl
/software/synopsys/syn_current_64.11/auxx/gui/common/strokes/pkgIndex.tcl
/software/synopsys/syn_current_64.11/auxx/gui/common/timing/pkgIndex.tcl
/software/synopsys/syn_current_64.11/auxx/gui/common/dialogs/pkgIndex.tcl
/software/synopsys/syn_current_64.11/auxx/gui/common/regressionToolkit/pkgIndex.tcl
/software/synopsys/syn_current_64.11/auxx/gui/common/qtcl/pkgIndex.tcl
/software/synopsys/syn_current_64.11/auxx/gui/common/docBrowser/pkgIndex.tcl
/software/synopsys/syn_current_64.11/auxx/gui/common/highlight/pkgIndex.tcl
/software/synopsys/syn_current_64.11/auxx/gui/common/layout/pkgIndex.tcl
/software/synopsys/syn_current_64.11/auxx/gui/common/table/pkgIndex.tcl
/software/synopsys/syn_current_64.11/auxx/gui/common/schematic/pkgIndex.tcl
/software/synopsys/syn_current_64.11/auxx/gui/common/opdlg/pkgIndex.tcl
/software/synopsys/syn_current_64.11/auxx/gui/common/select/pkgIndex.tcl
/software/synopsys/syn_current_64.11/auxx/gui/common/menus/pkgIndex.tcl
/software/synopsys/syn_current_64.11/auxx/gui/common/pathinspector/pkgIndex.tcl
/software/synopsys/syn_current_64.11/auxx/gui/common/libviewer/pkgIndex.tcl
/software/synopsys/syn_current_64.11/auxx/tcllib/snps_tcl/snpsUtils/pkgIndex.tcl
/software/synopsys/syn_current_64.11/auxx/tcllib/snps_tcl/snpsTest/pkgIndex.tcl
/software/synopsys/syn_current_64.11/auxx/tcllib/snps_tcl/snpsTclPro/pkgIndex.tcl
/software/synopsys/syn_current_64.11/auxx/tcllib/snps_tcl/pkgIndex.tcl
/software/synopsys/syn_current_64.11/auxx/tcllib/lib/tcl8.4/dde/pkgIndex.tcl
/software/synopsys/syn_current_64.11/auxx/tcllib/lib/tcl8.4/tcltest/pkgIndex.tcl
/software/synopsys/syn_current_64.11/auxx/tcllib/lib/tcl8.4/http/pkgIndex.tcl
/software/synopsys/syn_current_64.11/auxx/tcllib/lib/tcl8.4/opt/pkgIndex.tcl
/software/synopsys/syn_current_64.11/auxx/tcllib/lib/tcl8.4/msgcat/pkgIndex.tcl
/software/synopsys/syn_current_64.11/auxx/tcllib/lib/tcl8.4/reg/pkgIndex.tcl
/software/synopsys/syn_current_64.11/auxx/tcllib/lib/tcl8.4/http1.0/pkgIndex.tcl
/software/synopsys/syn_current_64.11/auxx/tcllib/lib/tix8.1.4/pref/WmDefault.tcl
/software/synopsys/syn_current_64.11/auxx/tcllib/lib/tix8.1.4/pref/WmDefault.csc
/software/synopsys/syn_current_64.11/auxx/tcllib/lib/tix8.1.4/HList.tcl
/software/synopsys/syn_current_64.11/auxx/tcllib/lib/tk8.4/unsupported.tcl
/software/synopsys/syn_current_64.11/auxx/tcllib/lib/tix8.1.4/Event.tcl
/software/synopsys/syn_current_64.11/auxx/tcllib/lib/tix8.1.4/TList.tcl
/software/synopsys/syn_current_64.11/auxx/tcllib/lib/tix8.1.4/Grid.tcl
/software/synopsys/syn_current_64.11/auxx/tcllib/lib/tix8.1.4/ComboBox.tcl
/software/synopsys/syn_current_64.11/auxx/tcllib/lib/tix8.1.4/LabWidg.tcl
/software/synopsys/syn_current_64.11/auxx/tcllib/lib/tix8.1.4/Primitiv.tcl
/software/synopsys/syn_current_64.11/auxx/tcllib/lib/tix8.1.4/Control.tcl
/software/synopsys/syn_current_64.11/auxx/tcllib/lib/tix8.1.4/FloatEnt.tcl
/software/synopsys/syn_current_64.11/auxx/tcllib/lib/tix8.1.4/LabEntry.tcl
/software/synopsys/syn_current_64.11/auxx/tcllib/lib/tix8.1.4/SGrid.tcl
/software/synopsys/syn_current_64.11/auxx/tcllib/lib/tix8.1.4/SWidget.tcl
/software/synopsys/syn_current_64.11/auxx/tcllib/lib/tix8.1.4/SListBox.tcl
/software/synopsys/syn_current_64.11/auxx/gui/common/histogram/base.tcl
/software/synopsys/syn_current_64.11/auxx/gui/common/profiler/base.tcl
/software/synopsys/syn_current_64.11/auxx/gui/common/schematic/base.tcl
/software/synopsys/syn_current_64.11/auxx/gui/common/select/baseInternal.tcl
/software/synopsys/syn_current_64.11/auxx/gui/common/schematic/enable.tcl
/software/synopsys/syn_current_64.11/auxx/gui/common/schematic/netlist.tcl
/software/synopsys/syn_current_64.11/auxx/gui/common/schematic/method.tcl
/software/synopsys/syn_current_64.11/auxx/gui/common/misc/createViewType.tcl
/software/synopsys/syn_current_64.11/auxx/gui/common/menus/base.tcl
/software/synopsys/syn_current_64.11/auxx/gui/common/libviewer/base.tcl
/software/synopsys/syn_current_64.11/auxx/gui/common/misc/viewmgr.tcl
/software/synopsys/syn_current_64.11/auxx/gui/common/pathinspector/base.tcl
/software/synopsys/syn_current_64.11/auxx/gui/common/pathinspector/create_window_and_menu.tcl
/software/synopsys/syn_current_64.11/auxx/gui/common/misc/infotip.tcl
/software/synopsys/syn_current_64.11/auxx/gui/common/misc/viewporthistory.tcl
/home/ms20.40/syn_without_en/DLX.src
/home/ms20.40/syn_without_en/000-globals.vhd
/home/mariagrazia.graziano/do/libnangate/NangateOpenCellLibrary_typical_ecsm.db
/home/ms20.40/syn_without_en/01-fa.vhd
/home/ms20.40/syn_without_en/01-generic_mux21.vhd
/home/ms20.40/syn_without_en/01-generic_mux31.vhd
/home/ms20.40/syn_without_en/01-generic_rca.vhd
/home/ms20.40/syn_without_en/01-generic_csa.vhd
/home/ms20.40/syn_without_en/01-generic_register.vhd
/home/ms20.40/syn_without_en/01-ffd.vhd
/home/ms20.40/syn_without_en/01-ivx.vhd
/home/ms20.40/syn_without_en/01-nand2.vhd
/home/ms20.40/syn_without_en/a.b-DataPath.core/a.b.a-ALU.core/a.b.a.a-adder.core/a.b.a.a.a-pg_network.vhd
/home/ms20.40/syn_without_en/a.b-DataPath.core/a.b.a-ALU.core/a.b.a.a-adder.core/a.b.a.a.b-g_block.vhd
/home/ms20.40/syn_without_en/a.b-DataPath.core/a.b.a-ALU.core/a.b.a.a-adder.core/a.b.a.a.c-pg_block.vhd
/home/ms20.40/syn_without_en/a.b-DataPath.core/a.b.a-ALU.core/a.b.a.a-adder.core/a.b.a.a.d-carry_select_block.vhd
/home/ms20.40/syn_without_en/a.b-DataPath.core/a.b.a-ALU.core/a.b.a.a-adder.core/a.b.a.a.e-sum_generator.vhd
/home/ms20.40/syn_without_en/a.b-DataPath.core/a.b.a-ALU.core/a.b.a.a-adder.core/a.b.a.a.f-sparse_tree.vhd
/home/ms20.40/syn_without_en/a.b-DataPath.core/a.b.a-ALU.core/a.b.a.b-shifter.core/a.b.a.b.a-mask_generator.vhd
/home/ms20.40/syn_without_en/a.b-DataPath.core/a.b.a-ALU.core/a.b.a.b-shifter.core/a.b.a.b.b-coarse_shift.vhd
/home/ms20.40/syn_without_en/a.b-DataPath.core/a.b.a-ALU.core/a.b.a.b-shifter.core/a.b.a.b.c-fine_shift.vhd
/home/ms20.40/syn_without_en/a.b-DataPath.core/a.b.a-ALU.core/a.b.a.c-logic.core/a.b.a.c.a-nand3.vhd
/home/ms20.40/syn_without_en/a.b-DataPath.core/a.b.a-ALU.core/a.b.a.c-logic.core/a.b.a.c.b-nand4.vhd
/home/ms20.40/syn_without_en/a.b-DataPath.core/a.b.a-ALU.core/a.b.a.f-multiplier.core/a.b.a.f.a-shifter_mult.vhd
/home/ms20.40/syn_without_en/a.b-DataPath.core/a.b.a-ALU.core/a.b.a.f-multiplier.core/a.b.a.f.b-mux58_mult.vhd
/home/ms20.40/syn_without_en/a.b-DataPath.core/a.b.a-ALU.core/a.b.a.a-adder.vhd
/home/ms20.40/syn_without_en/a.b-DataPath.core/a.b.a-ALU.core/a.b.a.b-shifter.vhd
/home/ms20.40/syn_without_en/a.b-DataPath.core/a.b.a-ALU.core/a.b.a.c-logic.vhd
/home/ms20.40/syn_without_en/a.b-DataPath.core/a.b.a-ALU.core/a.b.a.d-comparator.vhd
/home/ms20.40/syn_without_en/a.b-DataPath.core/a.b.a-ALU.core/a.b.a.e-zero_detector.vhd
/home/ms20.40/syn_without_en/a.b-DataPath.core/a.b.a-ALU.core/a.b.a.f-wallace_tree.vhd
/home/ms20.40/syn_without_en/a.b-DataPath.core/a.b.a-ALU.vhd
/home/ms20.40/syn_without_en/a.b-DataPath.core/a.b.b-register_file.vhd
/home/ms20.40/syn_without_en/a.b-DataPath.core/a.b.c-sign_extend.vhd
/home/ms20.40/syn_without_en/a.b-DataPath.core/a.b.d-branch_unit.vhd
/home/ms20.40/syn_without_en/a.b-DataPath.core/a.b.e-forwarding_unit.vhd
/home/ms20.40/syn_without_en/a.a-CU_HW.vhd
/home/ms20.40/syn_without_en/a.b-DataPath.vhd
/home/ms20.40/syn_without_en/a-DLX.vhd
/software/synopsys/syn_current_64.11/libraries/syn/gtech.db
/software/synopsys/syn_current_64.11/libraries/syn/standard.sldb
/home/mariagrazia.graziano/do/libnangate/NangateOpenCellLibrary_typical_ecsm.db
/home/ms20.40/syn_without_en/alib-52/NangateOpenCellLibrary_typical_ecsm.db.alib
/home/ms20.40/syn_without_en/alib-52/alib_analyze_libs.tcl.e
/software/synopsys/syn_current_64.11/libraries/syn/dw_foundation.sldb
/home/mariagrazia.graziano/do/libnangate/NangateOpenCellLibrary_typical_ecsm.db
/home/ms20.40/syn_without_en/alib-52/NangateOpenCellLibrary_typical_ecsm.db.alib
/home/mariagrazia.graziano/do/libnangate/NangateOpenCellLibrary_typical_ecsm.db
/home/ms20.40/syn_without_en/alib-52/NangateOpenCellLibrary_typical_ecsm.db.alib
/home/mariagrazia.graziano/do/libnangate/NangateOpenCellLibrary_typical_ecsm.db
/home/mariagrazia.graziano/do/libnangate/NangateOpenCellLibrary_typical_ecsm.db
/home/mariagrazia.graziano/do/libnangate/NangateOpenCellLibrary_typical_ecsm.db
/home/ms20.40/syn_without_en/alib-52/NangateOpenCellLibrary_typical_ecsm.db.alib
/home/mariagrazia.graziano/do/libnangate/NangateOpenCellLibrary_typical_ecsm.db
/home/mariagrazia.graziano/do/libnangate/NangateOpenCellLibrary_typical_ecsm.db
/home/mariagrazia.graziano/do/libnangate/NangateOpenCellLibrary_typical_ecsm.db
